<?xml version="1.0" encoding="UTF-8"?>
<testng-results ignored="0" total="4" passed="4" failed="0" skipped="0">
  <reporter-output>
  </reporter-output>
  <suite started-at="2024-09-11T16:11:31 IST" name="All Test Suite" finished-at="2024-09-11T16:12:30 IST" duration-ms="58746">
    <groups>
    </groups>
    <test started-at="2024-09-11T16:11:31 IST" name="C:/Users/vmg/Work_Practice/src/test" finished-at="2024-09-11T16:12:30 IST" duration-ms="58746">
      <class name="Registration.TC_003_LoginDDTest">
        <test-method is-config="true" signature="Setup(java.lang.String)[pri:0, instance:Registration.TC_003_LoginDDTest@2805c96b]" started-at="2024-09-11T16:11:35 IST" name="Setup" finished-at="2024-09-11T16:11:42 IST" duration-ms="7388" status="PASS">
          <params>
            <param index="0">
              <value>
                <![CDATA[chrome]]>
              </value>
            </param>
          </params>
          <reporter-output>
          </reporter-output>
        </test-method> <!-- Setup -->
        <test-method signature="VerifyloginDDT(java.lang.String,java.lang.String,java.lang.String)[pri:0, instance:Registration.TC_003_LoginDDTest@2805c96b]" started-at="2024-09-11T16:11:42 IST" name="VerifyloginDDT" data-provider="logindata" finished-at="2024-09-11T16:11:48 IST" duration-ms="5468" status="PASS">
          <params>
            <param index="0">
              <value>
                <![CDATA[vKuMI@gmail.com]]>
              </value>
            </param>
            <param index="1">
              <value>
                <![CDATA[BiCP@$352]]>
              </value>
            </param>
            <param index="2">
              <value>
                <![CDATA[Valid]]>
              </value>
            </param>
          </params>
          <reporter-output>
          </reporter-output>
        </test-method> <!-- VerifyloginDDT -->
        <test-method is-config="true" signature="Tear_down()[pri:0, instance:Registration.TC_003_LoginDDTest@2805c96b]" started-at="2024-09-11T16:11:48 IST" name="Tear_down" finished-at="2024-09-11T16:11:48 IST" duration-ms="372" status="PASS">
          <reporter-output>
          </reporter-output>
        </test-method> <!-- Tear_down -->
        <test-method is-config="true" signature="Setup(java.lang.String)[pri:0, instance:Registration.TC_003_LoginDDTest@2805c96b]" started-at="2024-09-11T16:11:48 IST" name="Setup" finished-at="2024-09-11T16:11:54 IST" duration-ms="6349" status="PASS">
          <params>
            <param index="0">
              <value>
                <![CDATA[chrome]]>
              </value>
            </param>
          </params>
          <reporter-output>
          </reporter-output>
        </test-method> <!-- Setup -->
        <test-method signature="VerifyloginDDT(java.lang.String,java.lang.String,java.lang.String)[pri:0, instance:Registration.TC_003_LoginDDTest@2805c96b]" started-at="2024-09-11T16:11:54 IST" name="VerifyloginDDT" data-provider="logindata" finished-at="2024-09-11T16:12:00 IST" duration-ms="5324" status="PASS">
          <params>
            <param index="0">
              <value>
                <![CDATA[oGHVH@gmail.com]]>
              </value>
            </param>
            <param index="1">
              <value>
                <![CDATA[hChl@$973]]>
              </value>
            </param>
            <param index="2">
              <value>
                <![CDATA[Valid]]>
              </value>
            </param>
          </params>
          <reporter-output>
          </reporter-output>
        </test-method> <!-- VerifyloginDDT -->
        <test-method is-config="true" signature="Tear_down()[pri:0, instance:Registration.TC_003_LoginDDTest@2805c96b]" started-at="2024-09-11T16:12:00 IST" name="Tear_down" finished-at="2024-09-11T16:12:00 IST" duration-ms="316" status="PASS">
          <reporter-output>
          </reporter-output>
        </test-method> <!-- Tear_down -->
        <test-method is-config="true" signature="Setup(java.lang.String)[pri:0, instance:Registration.TC_003_LoginDDTest@2805c96b]" started-at="2024-09-11T16:12:00 IST" name="Setup" finished-at="2024-09-11T16:12:06 IST" duration-ms="6004" status="PASS">
          <params>
            <param index="0">
              <value>
                <![CDATA[chrome]]>
              </value>
            </param>
          </params>
          <reporter-output>
          </reporter-output>
        </test-method> <!-- Setup -->
        <test-method signature="VerifyloginDDT(java.lang.String,java.lang.String,java.lang.String)[pri:0, instance:Registration.TC_003_LoginDDTest@2805c96b]" started-at="2024-09-11T16:12:06 IST" name="VerifyloginDDT" data-provider="logindata" finished-at="2024-09-11T16:12:11 IST" duration-ms="5004" status="PASS">
          <params>
            <param index="0">
              <value>
                <![CDATA[vKuMI@gmail.com]]>
              </value>
            </param>
            <param index="1">
              <value>
                <![CDATA[BiCP@$352]]>
              </value>
            </param>
            <param index="2">
              <value>
                <![CDATA[Valid]]>
              </value>
            </param>
          </params>
          <reporter-output>
          </reporter-output>
        </test-method> <!-- VerifyloginDDT -->
        <test-method is-config="true" signature="Tear_down()[pri:0, instance:Registration.TC_003_LoginDDTest@2805c96b]" started-at="2024-09-11T16:12:11 IST" name="Tear_down" finished-at="2024-09-11T16:12:11 IST" duration-ms="272" status="PASS">
          <reporter-output>
          </reporter-output>
        </test-method> <!-- Tear_down -->
        <test-method is-config="true" signature="Setup(java.lang.String)[pri:0, instance:Registration.TC_003_LoginDDTest@2805c96b]" started-at="2024-09-11T16:12:11 IST" name="Setup" finished-at="2024-09-11T16:12:17 IST" duration-ms="5917" status="PASS">
          <params>
            <param index="0">
              <value>
                <![CDATA[chrome]]>
              </value>
            </param>
          </params>
          <reporter-output>
          </reporter-output>
        </test-method> <!-- Setup -->
        <test-method signature="VerifyloginDDT(java.lang.String,java.lang.String,java.lang.String)[pri:0, instance:Registration.TC_003_LoginDDTest@2805c96b]" started-at="2024-09-11T16:12:17 IST" name="VerifyloginDDT" data-provider="logindata" finished-at="2024-09-11T16:12:30 IST" duration-ms="12497" status="PASS">
          <params>
            <param index="0">
              <value>
                <![CDATA[oGHVH@gmail.com]]>
              </value>
            </param>
            <param index="1">
              <value>
                <![CDATA[hChl@$972]]>
              </value>
            </param>
            <param index="2">
              <value>
                <![CDATA[Invalid]]>
              </value>
            </param>
          </params>
          <reporter-output>
          </reporter-output>
        </test-method> <!-- VerifyloginDDT -->
        <test-method is-config="true" signature="Tear_down()[pri:0, instance:Registration.TC_003_LoginDDTest@2805c96b]" started-at="2024-09-11T16:12:30 IST" name="Tear_down" finished-at="2024-09-11T16:12:30 IST" duration-ms="387" status="PASS">
          <reporter-output>
          </reporter-output>
        </test-method> <!-- Tear_down -->
      </class> <!-- Registration.TC_003_LoginDDTest -->
    </test> <!-- C:/Users/vmg/Work_Practice/src/test -->
  </suite> <!-- All Test Suite -->
</testng-results>
